<?xml version="1.0" encoding="UTF-8"?>
<coverage generated="1556312125">
  <project timestamp="1556312125">
    <file name="/home/rostik/Repository/the_clinic/tests/stubs/bipolar/bipolarD1-1.php">
      <class name="bipolarD11" namespace="global">
        <metrics complexity="3" methods="2" coveredmethods="2" conditionals="0" coveredconditionals="0" statements="6" coveredstatements="6" elements="8" coveredelements="8"/>
      </class>
      <line num="5" type="method" name="__construct" complexity="1" crap="1" count="2"/>
      <line num="8" type="stmt" count="2"/>
      <line num="10" type="method" name="test" visibility="public" complexity="2" crap="2" count="2"/>
      <line num="12" type="stmt" count="2"/>
      <line num="13" type="stmt" count="2"/>
      <line num="14" type="stmt" count="1"/>
      <line num="16" type="stmt" count="1"/>
      <line num="18" type="stmt" count="2"/>
      <metrics loc="21" ncloc="21" classes="1" methods="2" coveredmethods="2" conditionals="0" coveredconditionals="0" statements="6" coveredstatements="6" elements="8" coveredelements="8"/>
    </file>
    <file name="/home/rostik/Repository/the_clinic/tests/stubs/bipolar/scheduleVisitMock.php">
      <class name="scheduleVisitMock" namespace="global">
        <metrics complexity="4" methods="2" coveredmethods="2" conditionals="0" coveredconditionals="0" statements="5" coveredstatements="5" elements="7" coveredelements="7"/>
      </class>
      <line num="7" type="method" name="__construct" visibility="public" complexity="1" crap="1" count="2"/>
      <line num="8" type="stmt" count="2"/>
      <line num="9" type="stmt" count="2"/>
      <line num="11" type="method" name="schedule" visibility="public" complexity="3" crap="3" count="2"/>
      <line num="12" type="stmt" count="2"/>
      <line num="13" type="stmt" count="1"/>
      <line num="15" type="stmt" count="1"/>
      <metrics loc="19" ncloc="19" classes="1" methods="2" coveredmethods="2" conditionals="0" coveredconditionals="0" statements="5" coveredstatements="5" elements="7" coveredelements="7"/>
    </file>
    <file name="/home/rostik/Repository/the_clinic/tests/stubs/createAlgo/createAlgor.php">
      <class name="createAlgor" namespace="global">
        <metrics complexity="5" methods="2" coveredmethods="2" conditionals="0" coveredconditionals="0" statements="10" coveredstatements="10" elements="12" coveredelements="12"/>
      </class>
      <line num="4" type="method" name="__construct" visibility="public" complexity="1" crap="1" count="5"/>
      <line num="7" type="stmt" count="5"/>
      <line num="9" type="method" name="test" visibility="public" complexity="4" crap="4" count="5"/>
      <line num="11" type="stmt" count="5"/>
      <line num="12" type="stmt" count="5"/>
      <line num="13" type="stmt" count="1"/>
      <line num="14" type="stmt" count="4"/>
      <line num="15" type="stmt" count="1"/>
      <line num="16" type="stmt" count="3"/>
      <line num="17" type="stmt" count="1"/>
      <line num="20" type="stmt" count="2"/>
      <line num="22" type="stmt" count="5"/>
      <metrics loc="24" ncloc="24" classes="1" methods="2" coveredmethods="2" conditionals="0" coveredconditionals="0" statements="10" coveredstatements="10" elements="12" coveredelements="12"/>
    </file>
    <file name="/home/rostik/Repository/the_clinic/tests/stubs/createAlgo/createSteps.php">
      <class name="createSteps" namespace="global">
        <metrics complexity="3" methods="2" coveredmethods="2" conditionals="0" coveredconditionals="0" statements="7" coveredstatements="7" elements="9" coveredelements="9"/>
      </class>
      <line num="8" type="method" name="__construct" visibility="public" complexity="1" crap="1" count="5"/>
      <line num="11" type="stmt" count="5"/>
      <line num="13" type="method" name="test" visibility="public" complexity="2" crap="2" count="5"/>
      <line num="16" type="stmt" count="5"/>
      <line num="18" type="stmt" count="5"/>
      <line num="19" type="stmt" count="5"/>
      <line num="20" type="stmt" count="2"/>
      <line num="21" type="stmt" count="2"/>
      <line num="23" type="stmt" count="3"/>
      <metrics loc="27" ncloc="27" classes="1" methods="2" coveredmethods="2" conditionals="0" coveredconditionals="0" statements="7" coveredstatements="7" elements="9" coveredelements="9"/>
    </file>
    <file name="/home/rostik/Repository/the_clinic/tests/stubs/createPatient.php">
      <class name="createPatient" namespace="global">
        <metrics complexity="2" methods="2" coveredmethods="2" conditionals="0" coveredconditionals="0" statements="4" coveredstatements="4" elements="6" coveredelements="6"/>
      </class>
      <line num="7" type="method" name="__construct" visibility="public" complexity="1" crap="1" count="2"/>
      <line num="10" type="stmt" count="2"/>
      <line num="12" type="method" name="test" visibility="public" complexity="1" crap="1" count="2"/>
      <line num="14" type="stmt" count="2"/>
      <line num="15" type="stmt" count="2"/>
      <line num="16" type="stmt" count="2"/>
      <metrics loc="20" ncloc="20" classes="1" methods="2" coveredmethods="2" conditionals="0" coveredconditionals="0" statements="4" coveredstatements="4" elements="6" coveredelements="6"/>
    </file>
    <file name="/home/rostik/Repository/the_clinic/tests/stubs/createUser.php">
      <class name="createUser" namespace="global">
        <metrics complexity="2" methods="2" coveredmethods="2" conditionals="0" coveredconditionals="0" statements="4" coveredstatements="4" elements="6" coveredelements="6"/>
      </class>
      <line num="5" type="method" name="__construct" visibility="public" complexity="1" crap="1" count="2"/>
      <line num="8" type="stmt" count="2"/>
      <line num="10" type="method" name="test" visibility="public" complexity="1" crap="1" count="2"/>
      <line num="12" type="stmt" count="2"/>
      <line num="13" type="stmt" count="2"/>
      <line num="14" type="stmt" count="2"/>
      <metrics loc="18" ncloc="18" classes="1" methods="2" coveredmethods="2" conditionals="0" coveredconditionals="0" statements="4" coveredstatements="4" elements="6" coveredelements="6"/>
    </file>
    <file name="/home/rostik/Repository/the_clinic/tests/stubs/dep/dep2.php">
      <class name="dep2" namespace="global">
        <metrics complexity="3" methods="2" coveredmethods="2" conditionals="0" coveredconditionals="0" statements="6" coveredstatements="6" elements="8" coveredelements="8"/>
      </class>
      <line num="5" type="method" name="__construct" visibility="public" complexity="1" crap="1" count="2"/>
      <line num="8" type="stmt" count="2"/>
      <line num="10" type="method" name="test" visibility="public" complexity="2" crap="2" count="2"/>
      <line num="12" type="stmt" count="2"/>
      <line num="13" type="stmt" count="2"/>
      <line num="14" type="stmt" count="1"/>
      <line num="16" type="stmt" count="1"/>
      <line num="18" type="stmt" count="2"/>
      <metrics loc="22" ncloc="22" classes="1" methods="2" coveredmethods="2" conditionals="0" coveredconditionals="0" statements="6" coveredstatements="6" elements="8" coveredelements="8"/>
    </file>
    <file name="/home/rostik/Repository/the_clinic/tests/stubs/dep/depDiag.php">
      <class name="depDiag" namespace="global">
        <metrics complexity="2" methods="2" coveredmethods="2" conditionals="0" coveredconditionals="0" statements="4" coveredstatements="4" elements="6" coveredelements="6"/>
      </class>
      <line num="5" type="method" name="__construct" visibility="public" complexity="1" crap="1" count="10"/>
      <line num="8" type="stmt" count="10"/>
      <line num="10" type="method" name="test" visibility="public" complexity="1" crap="1" count="10"/>
      <line num="12" type="stmt" count="10"/>
      <line num="13" type="stmt" count="10"/>
      <line num="14" type="stmt" count="10"/>
      <metrics loc="17" ncloc="17" classes="1" methods="2" coveredmethods="2" conditionals="0" coveredconditionals="0" statements="4" coveredstatements="4" elements="6" coveredelements="6"/>
    </file>
    <file name="/home/rostik/Repository/the_clinic/tests/stubs/dep/depPHQAnalysis.php">
      <class name="depPHQAnalysis" namespace="global">
        <metrics complexity="2" methods="2" coveredmethods="2" conditionals="0" coveredconditionals="0" statements="4" coveredstatements="4" elements="6" coveredelements="6"/>
      </class>
      <line num="5" type="method" name="__construct" visibility="public" complexity="1" crap="1" count="12"/>
      <line num="8" type="stmt" count="12"/>
      <line num="10" type="method" name="test" visibility="public" complexity="1" crap="1" count="12"/>
      <line num="12" type="stmt" count="12"/>
      <line num="13" type="stmt" count="12"/>
      <line num="14" type="stmt" count="12"/>
      <metrics loc="16" ncloc="16" classes="1" methods="2" coveredmethods="2" conditionals="0" coveredconditionals="0" statements="4" coveredstatements="4" elements="6" coveredelements="6"/>
    </file>
    <file name="/home/rostik/Repository/the_clinic/tests/stubs/dep/pHQAnalysisMock.php">
      <class name="pHQAnalysisMock" namespace="global">
        <metrics complexity="16" methods="2" coveredmethods="2" conditionals="0" coveredconditionals="0" statements="36" coveredstatements="36" elements="38" coveredelements="38"/>
      </class>
      <line num="6" type="method" name="__construct" visibility="public" complexity="1" crap="1" count="12"/>
      <line num="7" type="stmt" count="12"/>
      <line num="9" type="method" name="getResults" visibility="public" complexity="15" crap="15" count="12"/>
      <line num="10" type="stmt" count="12"/>
      <line num="11" type="stmt" count="2"/>
      <line num="12" type="stmt" count="1"/>
      <line num="13" type="stmt" count="1"/>
      <line num="14" type="stmt" count="1"/>
      <line num="16" type="stmt" count="1"/>
      <line num="18" type="stmt" count="1"/>
      <line num="19" type="stmt" count="1"/>
      <line num="20" type="stmt" count="1"/>
      <line num="21" type="stmt" count="2"/>
      <line num="24" type="stmt" count="10"/>
      <line num="25" type="stmt" count="10"/>
      <line num="26" type="stmt" count="10"/>
      <line num="27" type="stmt" count="10"/>
      <line num="29" type="stmt" count="12"/>
      <line num="30" type="stmt" count="11"/>
      <line num="33" type="stmt" count="1"/>
      <line num="36" type="stmt" count="12"/>
      <line num="37" type="stmt" count="1"/>
      <line num="39" type="stmt" count="11"/>
      <line num="41" type="stmt" count="12"/>
      <line num="42" type="stmt" count="1"/>
      <line num="43" type="stmt" count="1"/>
      <line num="44" type="stmt" count="11"/>
      <line num="45" type="stmt" count="1"/>
      <line num="46" type="stmt" count="1"/>
      <line num="48" type="stmt" count="10"/>
      <line num="49" type="stmt" count="1"/>
      <line num="50" type="stmt" count="1"/>
      <line num="51" type="stmt" count="9"/>
      <line num="52" type="stmt" count="1"/>
      <line num="53" type="stmt" count="1"/>
      <line num="55" type="stmt" count="8"/>
      <line num="56" type="stmt" count="8"/>
      <line num="58" type="stmt" count="12"/>
      <metrics loc="61" ncloc="61" classes="1" methods="2" coveredmethods="2" conditionals="0" coveredconditionals="0" statements="36" coveredstatements="36" elements="38" coveredelements="38"/>
    </file>
    <file name="/home/rostik/Repository/the_clinic/tests/stubs/dep/scheduleVisitMock1.php">
      <class name="scheduleVisitMock1" namespace="global">
        <metrics complexity="4" methods="2" coveredmethods="2" conditionals="0" coveredconditionals="0" statements="5" coveredstatements="5" elements="7" coveredelements="7"/>
      </class>
      <line num="7" type="method" name="__construct" visibility="public" complexity="1" crap="1" count="2"/>
      <line num="8" type="stmt" count="2"/>
      <line num="9" type="stmt" count="2"/>
      <line num="11" type="method" name="schedule" visibility="public" complexity="3" crap="3" count="2"/>
      <line num="12" type="stmt" count="2"/>
      <line num="13" type="stmt" count="1"/>
      <line num="15" type="stmt" count="1"/>
      <metrics loc="19" ncloc="19" classes="1" methods="2" coveredmethods="2" conditionals="0" coveredconditionals="0" statements="5" coveredstatements="5" elements="7" coveredelements="7"/>
    </file>
    <file name="/home/rostik/Repository/the_clinic/tests/stubs/login.php">
      <class name="login" namespace="global">
        <metrics complexity="6" methods="3" coveredmethods="3" conditionals="0" coveredconditionals="0" statements="8" coveredstatements="8" elements="11" coveredelements="11"/>
      </class>
      <line num="5" type="method" name="__construct" visibility="public" complexity="1" crap="1" count="2"/>
      <line num="8" type="stmt" count="2"/>
      <line num="10" type="method" name="test" visibility="public" complexity="2" crap="2" count="2"/>
      <line num="12" type="stmt" count="2"/>
      <line num="13" type="stmt" count="1"/>
      <line num="15" type="stmt" count="1"/>
      <line num="17" type="stmt" count="2"/>
      <line num="20" type="method" name="rowCount" visibility="public" complexity="3" crap="3" count="2"/>
      <line num="22" type="stmt" count="2"/>
      <line num="24" type="stmt" count="1"/>
      <line num="28" type="stmt" count="1"/>
      <metrics loc="32" ncloc="32" classes="1" methods="3" coveredmethods="3" conditionals="0" coveredconditionals="0" statements="8" coveredstatements="8" elements="11" coveredelements="11"/>
    </file>
    <file name="/home/rostik/Repository/the_clinic/tests/stubs/php/MDQLogic.php">
      <class name="MDQLogic" namespace="global">
        <metrics complexity="7" methods="2" coveredmethods="2" conditionals="0" coveredconditionals="0" statements="16" coveredstatements="16" elements="18" coveredelements="18"/>
      </class>
      <line num="6" type="method" name="__construct" visibility="public" complexity="1" crap="1" count="6"/>
      <line num="8" type="stmt" count="6"/>
      <line num="10" type="method" name="getAnswers" visibility="public" complexity="6" crap="6" count="6"/>
      <line num="11" type="stmt" count="6"/>
      <line num="12" type="stmt" count="6"/>
      <line num="13" type="stmt" count="6"/>
      <line num="14" type="stmt" count="6"/>
      <line num="15" type="stmt" count="1"/>
      <line num="18" type="stmt" count="6"/>
      <line num="19" type="stmt" count="1"/>
      <line num="21" type="stmt" count="5"/>
      <line num="23" type="stmt" count="6"/>
      <line num="24" type="stmt" count="2"/>
      <line num="26" type="stmt" count="4"/>
      <line num="28" type="stmt" count="6"/>
      <line num="29" type="stmt" count="1"/>
      <line num="31" type="stmt" count="5"/>
      <line num="33" type="stmt" count="6"/>
      <metrics loc="36" ncloc="36" classes="1" methods="2" coveredmethods="2" conditionals="0" coveredconditionals="0" statements="16" coveredstatements="16" elements="18" coveredelements="18"/>
    </file>
    <file name="/home/rostik/Repository/the_clinic/tests/stubs/php/MDQResults.php">
      <class name="MDQResults" namespace="global">
        <metrics complexity="5" methods="2" coveredmethods="2" conditionals="0" coveredconditionals="0" statements="9" coveredstatements="9" elements="11" coveredelements="11"/>
      </class>
      <line num="6" type="method" name="__construct" visibility="public" complexity="1" crap="1" count="3"/>
      <line num="8" type="stmt" count="3"/>
      <line num="10" type="method" name="getResults" visibility="public" complexity="4" crap="4" count="3"/>
      <line num="11" type="stmt" count="3"/>
      <line num="12" type="stmt" count="1"/>
      <line num="13" type="stmt" count="1"/>
      <line num="14" type="stmt" count="1"/>
      <line num="16" type="stmt" count="2"/>
      <line num="17" type="stmt" count="2"/>
      <line num="18" type="stmt" count="2"/>
      <line num="20" type="stmt" count="3"/>
      <metrics loc="21" ncloc="21" classes="1" methods="2" coveredmethods="2" conditionals="0" coveredconditionals="0" statements="9" coveredstatements="9" elements="11" coveredelements="11"/>
    </file>
    <file name="/home/rostik/Repository/the_clinic/tests/stubs/php/bipolarTreatmentHandler.php">
      <class name="bipolarTreatmentHandler" namespace="global">
        <metrics complexity="8" methods="2" coveredmethods="1" conditionals="0" coveredconditionals="0" statements="26" coveredstatements="25" elements="28" coveredelements="26"/>
      </class>
      <line num="6" type="method" name="__construct" visibility="public" complexity="1" crap="1" count="4"/>
      <line num="8" type="stmt" count="4"/>
      <line num="10" type="method" name="checkTreatment" visibility="public" complexity="7" crap="7" count="4"/>
      <line num="12" type="stmt" count="4"/>
      <line num="14" type="stmt" count="4"/>
      <line num="15" type="stmt" count="4"/>
      <line num="17" type="stmt" count="4"/>
      <line num="18" type="stmt" count="1"/>
      <line num="19" type="stmt" count="1"/>
      <line num="20" type="stmt" count="1"/>
      <line num="21" type="stmt" count="1"/>
      <line num="22" type="stmt" count="1"/>
      <line num="23" type="stmt" count="3"/>
      <line num="24" type="stmt" count="1"/>
      <line num="25" type="stmt" count="1"/>
      <line num="26" type="stmt" count="2"/>
      <line num="27" type="stmt" count="1"/>
      <line num="28" type="stmt" count="1"/>
      <line num="29" type="stmt" count="1"/>
      <line num="30" type="stmt" count="1"/>
      <line num="31" type="stmt" count="1"/>
      <line num="32" type="stmt" count="1"/>
      <line num="33" type="stmt" count="1"/>
      <line num="34" type="stmt" count="1"/>
      <line num="35" type="stmt" count="1"/>
      <line num="36" type="stmt" count="1"/>
      <line num="37" type="stmt" count="1"/>
      <line num="39" type="stmt" count="0"/>
      <metrics loc="40" ncloc="40" classes="1" methods="2" coveredmethods="1" conditionals="0" coveredconditionals="0" statements="26" coveredstatements="25" elements="28" coveredelements="26"/>
    </file>
    <file name="/home/rostik/Repository/the_clinic/tests/stubs/php/createStepsMock.php">
      <class name="createStepsMock" namespace="global">
        <metrics complexity="6" methods="3" coveredmethods="2" conditionals="0" coveredconditionals="0" statements="17" coveredstatements="2" elements="20" coveredelements="4"/>
      </class>
      <line num="6" type="method" name="__construct" visibility="public" complexity="1" crap="1" count="5"/>
      <line num="8" type="stmt" count="5"/>
      <line num="10" type="method" name="moveOn" visibility="public" complexity="1" crap="1" count="2"/>
      <line num="12" type="stmt" count="2"/>
      <line num="14" type="method" name="updateJson" visibility="public" complexity="4" crap="20.00" count="0"/>
      <line num="16" type="stmt" count="0"/>
      <line num="17" type="stmt" count="0"/>
      <line num="18" type="stmt" count="0"/>
      <line num="19" type="stmt" count="0"/>
      <line num="20" type="stmt" count="0"/>
      <line num="21" type="stmt" count="0"/>
      <line num="22" type="stmt" count="0"/>
      <line num="23" type="stmt" count="0"/>
      <line num="24" type="stmt" count="0"/>
      <line num="25" type="stmt" count="0"/>
      <line num="26" type="stmt" count="0"/>
      <line num="27" type="stmt" count="0"/>
      <line num="29" type="stmt" count="0"/>
      <line num="30" type="stmt" count="0"/>
      <line num="32" type="stmt" count="0"/>
      <metrics loc="35" ncloc="35" classes="1" methods="3" coveredmethods="2" conditionals="0" coveredconditionals="0" statements="17" coveredstatements="2" elements="20" coveredelements="4"/>
    </file>
    <file name="/home/rostik/Repository/the_clinic/tests/stubs/php/createUserMock.php">
      <class name="createUserMock" namespace="global">
        <metrics complexity="10" methods="4" coveredmethods="3" conditionals="0" coveredconditionals="0" statements="10" coveredstatements="7" elements="14" coveredelements="10"/>
      </class>
      <line num="5" type="method" name="__construct" visibility="public" complexity="1" crap="1" count="2"/>
      <line num="8" type="stmt" count="2"/>
      <line num="10" type="method" name="addDoctor" visibility="public" complexity="2" crap="6.00" count="0"/>
      <line num="12" type="stmt" count="0"/>
      <line num="13" type="stmt" count="0"/>
      <line num="15" type="stmt" count="0"/>
      <line num="19" type="method" name="addPatient" visibility="public" complexity="2" crap="2" count="2"/>
      <line num="21" type="stmt" count="2"/>
      <line num="22" type="stmt" count="1"/>
      <line num="24" type="stmt" count="1"/>
      <line num="28" type="method" name="checkCopy" visibility="public" complexity="5" crap="5" count="2"/>
      <line num="30" type="stmt" count="2"/>
      <line num="32" type="stmt" count="1"/>
      <line num="36" type="stmt" count="1"/>
      <metrics loc="40" ncloc="40" classes="1" methods="4" coveredmethods="3" conditionals="0" coveredconditionals="0" statements="10" coveredstatements="7" elements="14" coveredelements="10"/>
    </file>
    <file name="/home/rostik/Repository/the_clinic/tests/stubs/php/createUserMock1.php">
      <class name="createUserMock1" namespace="global">
        <metrics complexity="15" methods="5" coveredmethods="3" conditionals="0" coveredconditionals="0" statements="13" coveredstatements="7" elements="18" coveredelements="10"/>
      </class>
      <line num="5" type="method" name="__construct" visibility="public" complexity="1" crap="1" count="2"/>
      <line num="8" type="stmt" count="2"/>
      <line num="10" type="method" name="addDoctor" visibility="public" complexity="2" crap="2" count="2"/>
      <line num="12" type="stmt" count="2"/>
      <line num="13" type="stmt" count="1"/>
      <line num="15" type="stmt" count="1"/>
      <line num="19" type="method" name="addPatient" visibility="public" complexity="2" crap="6.00" count="0"/>
      <line num="21" type="stmt" count="0"/>
      <line num="22" type="stmt" count="0"/>
      <line num="24" type="stmt" count="0"/>
      <line num="28" type="method" name="checkCopyPat" visibility="public" complexity="5" crap="30.00" count="0"/>
      <line num="30" type="stmt" count="0"/>
      <line num="32" type="stmt" count="0"/>
      <line num="36" type="stmt" count="0"/>
      <line num="40" type="method" name="checkCopyDoc" visibility="public" complexity="5" crap="5" count="2"/>
      <line num="42" type="stmt" count="2"/>
      <line num="44" type="stmt" count="1"/>
      <line num="48" type="stmt" count="1"/>
      <metrics loc="53" ncloc="53" classes="1" methods="5" coveredmethods="3" conditionals="0" coveredconditionals="0" statements="13" coveredstatements="7" elements="18" coveredelements="10"/>
    </file>
    <file name="/home/rostik/Repository/the_clinic/tests/stubs/php/depDiagLogicMock.php">
      <class name="depDiagLogicMock" namespace="global">
        <metrics complexity="9" methods="2" coveredmethods="2" conditionals="0" coveredconditionals="0" statements="22" coveredstatements="22" elements="24" coveredelements="24"/>
      </class>
      <line num="6" type="method" name="__construct" visibility="public" complexity="1" crap="1" count="10"/>
      <line num="8" type="stmt" count="10"/>
      <line num="10" type="method" name="getAnswers" visibility="public" complexity="8" crap="8" count="10"/>
      <line num="11" type="stmt" count="10"/>
      <line num="12" type="stmt" count="10"/>
      <line num="13" type="stmt" count="10"/>
      <line num="14" type="stmt" count="10"/>
      <line num="15" type="stmt" count="10"/>
      <line num="16" type="stmt" count="7"/>
      <line num="17" type="stmt" count="7"/>
      <line num="20" type="stmt" count="10"/>
      <line num="21" type="stmt" count="4"/>
      <line num="23" type="stmt" count="6"/>
      <line num="25" type="stmt" count="10"/>
      <line num="26" type="stmt" count="5"/>
      <line num="27" type="stmt" count="5"/>
      <line num="29" type="stmt" count="5"/>
      <line num="31" type="stmt" count="10"/>
      <line num="32" type="stmt" count="1"/>
      <line num="34" type="stmt" count="9"/>
      <line num="36" type="stmt" count="10"/>
      <line num="37" type="stmt" count="9"/>
      <line num="39" type="stmt" count="1"/>
      <line num="41" type="stmt" count="10"/>
      <metrics loc="44" ncloc="44" classes="1" methods="2" coveredmethods="2" conditionals="0" coveredconditionals="0" statements="22" coveredstatements="22" elements="24" coveredelements="24"/>
    </file>
    <file name="/home/rostik/Repository/the_clinic/tests/stubs/php/showAlgoMock.php">
      <class name="showAlgoMock" namespace="global">
        <metrics complexity="44" methods="7" coveredmethods="1" conditionals="0" coveredconditionals="0" statements="52" coveredstatements="9" elements="59" coveredelements="10"/>
      </class>
      <line num="8" type="method" name="__construct" visibility="public" complexity="1" crap="1" count="5"/>
      <line num="9" type="stmt" count="5"/>
      <line num="11" type="method" name="getStep" visibility="public" complexity="7" crap="56.00" count="0"/>
      <line num="12" type="stmt" count="0"/>
      <line num="13" type="stmt" count="0"/>
      <line num="14" type="stmt" count="0"/>
      <line num="15" type="stmt" count="0"/>
      <line num="16" type="stmt" count="0"/>
      <line num="17" type="stmt" count="0"/>
      <line num="19" type="stmt" count="0"/>
      <line num="23" type="method" name="getNextStep" visibility="public" complexity="5" crap="30.00" count="0"/>
      <line num="24" type="stmt" count="0"/>
      <line num="25" type="stmt" count="0"/>
      <line num="26" type="stmt" count="0"/>
      <line num="27" type="stmt" count="0"/>
      <line num="28" type="stmt" count="0"/>
      <line num="29" type="stmt" count="0"/>
      <line num="31" type="stmt" count="0"/>
      <line num="35" type="method" name="getDirections" visibility="public" complexity="8" crap="8.51" count="5"/>
      <line num="36" type="stmt" count="5"/>
      <line num="37" type="stmt" count="5"/>
      <line num="38" type="stmt" count="0"/>
      <line num="39" type="stmt" count="5"/>
      <line num="40" type="stmt" count="0"/>
      <line num="41" type="stmt" count="5"/>
      <line num="42" type="stmt" count="2"/>
      <line num="43" type="stmt" count="3"/>
      <line num="44" type="stmt" count="3"/>
      <line num="46" type="stmt" count="5"/>
      <line num="49" type="method" name="getReasons" visibility="public" complexity="8" crap="72.00" count="0"/>
      <line num="50" type="stmt" count="0"/>
      <line num="51" type="stmt" count="0"/>
      <line num="52" type="stmt" count="0"/>
      <line num="53" type="stmt" count="0"/>
      <line num="55" type="stmt" count="0"/>
      <line num="56" type="stmt" count="0"/>
      <line num="57" type="stmt" count="0"/>
      <line num="59" type="stmt" count="0"/>
      <line num="60" type="stmt" count="0"/>
      <line num="61" type="stmt" count="0"/>
      <line num="64" type="stmt" count="0"/>
      <line num="68" type="method" name="getReasonForEdit" visibility="public" complexity="7" crap="56.00" count="0"/>
      <line num="70" type="stmt" count="0"/>
      <line num="71" type="stmt" count="0"/>
      <line num="72" type="stmt" count="0"/>
      <line num="74" type="stmt" count="0"/>
      <line num="76" type="stmt" count="0"/>
      <line num="78" type="stmt" count="0"/>
      <line num="81" type="stmt" count="0"/>
      <line num="85" type="method" name="getReEval" visibility="public" complexity="8" crap="72.00" count="0"/>
      <line num="86" type="stmt" count="0"/>
      <line num="87" type="stmt" count="0"/>
      <line num="88" type="stmt" count="0"/>
      <line num="89" type="stmt" count="0"/>
      <line num="90" type="stmt" count="0"/>
      <line num="91" type="stmt" count="0"/>
      <line num="92" type="stmt" count="0"/>
      <line num="93" type="stmt" count="0"/>
      <line num="95" type="stmt" count="0"/>
      <metrics loc="99" ncloc="99" classes="1" methods="7" coveredmethods="1" conditionals="0" coveredconditionals="0" statements="52" coveredstatements="9" elements="59" coveredelements="10"/>
    </file>
    <metrics files="20" loc="664" ncloc="664" classes="20" methods="52" coveredmethods="41" conditionals="0" coveredconditionals="0" statements="264" coveredstatements="196" elements="316" coveredelements="237"/>
  </project>
</coverage>
